\BOOKMARK [1][-]{section.1}{Q3}{}% 1
\BOOKMARK [2][-]{subsubsection.1.0.1}{True value}{section.1}% 2
\BOOKMARK [2][-]{subsection.1.1}{\(a\) Cude Monte Carlo}{section.1}% 3
\BOOKMARK [3][-]{subsubsection.1.1.1}{bias}{subsection.1.1}% 4
\BOOKMARK [3][-]{subsubsection.1.1.2}{variance}{subsection.1.1}% 5
\BOOKMARK [3][-]{subsubsection.1.1.3}{MSE}{subsection.1.1}% 6
\BOOKMARK [2][-]{subsection.1.2}{\(b\) Importance sampling}{section.1}% 7
\BOOKMARK [3][-]{subsubsection.1.2.1}{bias}{subsection.1.2}% 8
\BOOKMARK [3][-]{subsubsection.1.2.2}{variance}{subsection.1.2}% 9
\BOOKMARK [3][-]{subsubsection.1.2.3}{MSE}{subsection.1.2}% 10
\BOOKMARK [2][-]{subsection.1.3}{\(c\) Control Variates}{section.1}% 11
\BOOKMARK [3][-]{subsubsection.1.3.1}{bias}{subsection.1.3}% 12
\BOOKMARK [3][-]{subsubsection.1.3.2}{variance}{subsection.1.3}% 13
\BOOKMARK [3][-]{subsubsection.1.3.3}{MSE}{subsection.1.3}% 14
\BOOKMARK [2][-]{subsection.1.4}{Antithetic Variates}{section.1}% 15
\BOOKMARK [3][-]{subsubsection.1.4.1}{bias}{subsection.1.4}% 16
\BOOKMARK [3][-]{subsubsection.1.4.2}{variance}{subsection.1.4}% 17
\BOOKMARK [3][-]{subsubsection.1.4.3}{MSE}{subsection.1.4}% 18
\BOOKMARK [2][-]{subsection.1.5}{Comparison}{section.1}% 19
\BOOKMARK [1][-]{section.2}{Q4}{}% 20
\BOOKMARK [2][-]{subsection.2.1}{\(a\) find b\136*}{section.2}% 21
\BOOKMARK [2][-]{subsection.2.2}{\(b\) Find boundary condition}{section.2}% 22
\BOOKMARK [2][-]{subsection.2.3}{\(c\) bisection method}{section.2}% 23
\BOOKMARK [2][-]{subsection.2.4}{\(d\) Calculate the efficiency}{section.2}% 24
